 Ollerbytes@MSI  N:\PROJECTs\spotify_nextjs  main  npm run dev

> dev
> next dev

ready - started server on 0.0.0.0:3000, url: http://localhost:3000
event - compiled client and server successfully in 593 ms (171 modules)
wait  - compiling /_error (client and server)...
wait  - compiling /login (client and server)...
event - compiled client and server successfully in 243 ms (204 modules)
wait  - compiling /api/auth/[...nextauth]...
event - compiled client and server successfully in 103 ms (218 modules)
🚀 ~ file: spotify.js ~ line 28 ~ process.env.NEXT_PUBLIC_CLIENT_ID undefined
[next-auth][warn][NO_SECRET]
https://next-auth.js.org/warnings#no_secret

[next-auth][warn][NO_SECRET]
https://next-auth.js.org/warnings#no_secret
[next-auth][warn][NO_SECRET]
https://next-auth.js.org/warnings#no_secret
[next-auth][warn][NO_SECRET]
https://next-auth.js.org/warnings#no_secret
[next-auth][warn][NO_SECRET]
https://next-auth.js.org/warnings#no_secret
[next-auth][error][GET_AUTHORIZATION_URL_ERROR]
https://next-auth.js.org/errors#get_authorization_url_error client_id is required {
  message: 'client_id is required',
  stack: 'TypeError: client_id is required\n' +
    '    at new BaseClient (N:\\PROJECTs\\spotify_nextjs\\node_modules\\openid-client\\lib\\client.js:176:13)\n' +
    '    at new Client (N:\\PROJECTs\\spotify_nextjs\\node_modules\\openid-client\\lib\\client.js:1821:7)\n' +
    '    at openidClient (N:\\PROJECTs\\spotify_nextjs\\node_modules\\next-auth\\core\\lib\\oauth\\client.js:27:18)\n' +
    '    at getAuthorizationUrl (N:\\PROJECTs\\spotify_nextjs\\node_modules\\next-auth\\core\\lib\\oauth\\authorization-url.js:67:51)\n' +
    '    at Object.signin (N:\\PROJECTs\\spotify_nextjs\\node_modules\\next-auth\\core\\routes\\signin.js:37:60)\n' +
    '    at NextAuthHandler (N:\\PROJECTs\\spotify_nextjs\\node_modules\\next-auth\\core\\index.js:185:39)\n' +
    '    at processTicksAndRejections (node:internal/process/task_queues:96:5)\n' +
    '    at async NextAuthNextHandler (N:\\PROJECTs\\spotify_nextjs\\node_modules\\next-auth\\next\\index.js:20:19)\n' +
    '    at async N:\\PROJECTs\\spotify_nextjs\\node_modules\\next-auth\\next\\index.js:56:32\n' +
    '    at async Object.apiResolver (N:\\PROJECTs\\spotify_nextjs\\node_modules\\next\\dist\\server\\api-utils.js:102:9)',
  name: 'TypeError'
}
[next-auth][error][SIGNIN_OAUTH_ERROR]
https://next-auth.js.org/errors#signin_oauth_error client_id is required {
  error: {
    message: 'client_id is required',
    stack: 'TypeError: client_id is required\n' +
      '    at new BaseClient (N:\\PROJECTs\\spotify_nextjs\\node_modules\\openid-client\\lib\\client.js:176:13)\n' +
      '    at new Client (N:\\PROJECTs\\spotify_nextjs\\node_modules\\openid-client\\lib\\client.js:1821:7)\n' +
      '    at openidClient (N:\\PROJECTs\\spotify_nextjs\\node_modules\\next-auth\\core\\lib\\oauth\\client.js:27:18)\n' +
      '    at getAuthorizationUrl (N:\\PROJECTs\\spotify_nextjs\\node_modules\\next-auth\\core\\lib\\oauth\\authorization-url.js:67:51)\n' +
      '    at Object.signin (N:\\PROJECTs\\spotify_nextjs\\node_modules\\next-auth\\core\\routes\\signin.js:37:60)\n' +
      '    at NextAuthHandler (N:\\PROJECTs\\spotify_nextjs\\node_modules\\next-auth\\core\\index.js:185:39)\n' +
      '    at processTicksAndRejections (node:internal/process/task_queues:96:5)\n' +
      '    at async NextAuthNextHandler (N:\\PROJECTs\\spotify_nextjs\\node_modules\\next-auth\\next\\index.js:20:19)\n' +
      '    at async N:\\PROJECTs\\spotify_nextjs\\node_modules\\next-auth\\next\\index.js:56:32\n' +
      '    at async Object.apiResolver (N:\\PROJECTs\\spotify_nextjs\\node_modules\\next\\dist\\server\\api-utils.js:102:9)',
    name: 'TypeError'
  },
  provider: {
    id: 'spotify',
    name: 'Spotify',
    type: 'oauth',
    authorization: { url: 'https://accounts.spotify.com/authorize', params: [Object] },
    token: { url: 'https://accounts.spotify.com/api/token', params: {} },
    userinfo: { url: 'https://api.spotify.com/v1/me', params: {} },
    profile: [Function: profile],
    checks: [ 'state' ],
    clientId: undefined,
    clientSecret: undefined,
    signinUrl: 'http://localhost:3000/api/auth/signin/spotify',
    callbackUrl: 'http://localhost:3000/api/auth/callback/spotify'
  },
  message: 'client_id is required'
}
[next-auth][warn][NO_SECRET]
https://next-auth.js.org/warnings#no_secret
[next-auth][warn][NO_SECRET]
https://next-auth.js.org/warnings#no_secret
[next-auth][warn][NO_SECRET]
https://next-auth.js.org/warnings#no_secret